<?xml version="1.0" encoding="UTF-8"?>
<!-- Generated by org.testng.reporters.JUnitReportReporter -->
<testsuite hostname="DESKTOP-DRTC6PB" failures="0" tests="1" name="com.fm.DataDrivenFramework" time="66.282" errors="0" timestamp="2024-09-20T12:07:00 IST" skipped="0">
  <testcase classname="com.fm.DataDrivenFramework" name="test" time="66.282"/>
  <system-out/>
</testsuite> <!-- com.fm.DataDrivenFramework -->
