<?xml version="1.0" encoding="UTF-8"?>
<!-- Generated by org.testng.reporters.JUnitReportReporter -->
<testsuite hostname="DESKTOP-DRTC6PB" failures="0" tests="6" name="com.fm.KeywordDrivenFramework" time="15.020" errors="0" timestamp="2024-09-20T12:38:53 IST" skipped="0">
  <testcase classname="com.fm.KeywordDrivenFramework" name="test" time="3.520"/>
  <system-out/>
  <testcase classname="com.fm.KeywordDrivenFramework" name="test" time="2.277"/>
  <system-out/>
  <testcase classname="com.fm.KeywordDrivenFramework" name="test" time="4.499"/>
  <system-out/>
  <testcase classname="com.fm.KeywordDrivenFramework" name="test" time="2.169"/>
  <system-out/>
  <testcase classname="com.fm.KeywordDrivenFramework" name="test" time="2.221"/>
  <system-out/>
  <testcase classname="com.fm.KeywordDrivenFramework" name="test" time="0.334"/>
  <system-out/>
</testsuite> <!-- com.fm.KeywordDrivenFramework -->
