<?xml version="1.0" encoding="UTF-8"?>
<!-- Generated by org.testng.reporters.JUnitReportReporter -->
<testsuite hostname="DESKTOP-DRTC6PB" failures="0" tests="3" name="com.assessment.WebTableTechlistic" time="3.271" errors="0" timestamp="2024-09-24T13:27:05 IST" skipped="0">
  <testcase classname="com.assessment.WebTableTechlistic" name="findTallestStructure" time="1.038"/>
  <system-out/>
  <testcase classname="com.assessment.WebTableTechlistic" name="verifyColumnsInLastRow" time="0.081"/>
  <system-out/>
  <testcase classname="com.assessment.WebTableTechlistic" name="verifyStructureValues" time="2.152"/>
  <system-out/>
</testsuite> <!-- com.assessment.WebTableTechlistic -->
